{"/home/bhd/Documents/Projects/bhd/pi-ctx-budget/extensions/estimator.ts": {"path":"/home/bhd/Documents/Projects/bhd/pi-ctx-budget/extensions/estimator.ts","all":false,"statementMap":{"39":{"start":{"line":40,"column":0},"end":{"line":40,"column":54}},"40":{"start":{"line":41,"column":0},"end":{"line":41,"column":27}},"41":{"start":{"line":42,"column":0},"end":{"line":42,"column":30}},"42":{"start":{"line":43,"column":0},"end":{"line":43,"column":1}},"44":{"start":{"line":45,"column":0},"end":{"line":45,"column":65}},"45":{"start":{"line":46,"column":0},"end":{"line":46,"column":71}},"46":{"start":{"line":47,"column":0},"end":{"line":47,"column":17}},"47":{"start":{"line":48,"column":0},"end":{"line":48,"column":27}},"48":{"start":{"line":49,"column":0},"end":{"line":49,"column":6}},"49":{"start":{"line":50,"column":0},"end":{"line":50,"column":87}},"51":{"start":{"line":52,"column":0},"end":{"line":52,"column":80}},"52":{"start":{"line":53,"column":0},"end":{"line":53,"column":64}},"53":{"start":{"line":54,"column":0},"end":{"line":54,"column":17}},"54":{"start":{"line":55,"column":0},"end":{"line":55,"column":27}},"55":{"start":{"line":56,"column":0},"end":{"line":56,"column":6}},"57":{"start":{"line":58,"column":0},"end":{"line":58,"column":72}},"58":{"start":{"line":59,"column":0},"end":{"line":59,"column":35}},"59":{"start":{"line":60,"column":0},"end":{"line":60,"column":40}},"60":{"start":{"line":61,"column":0},"end":{"line":61,"column":66}},"61":{"start":{"line":62,"column":0},"end":{"line":62,"column":24}},"62":{"start":{"line":63,"column":0},"end":{"line":63,"column":41}},"63":{"start":{"line":64,"column":0},"end":{"line":64,"column":33}},"64":{"start":{"line":65,"column":0},"end":{"line":65,"column":3}},"66":{"start":{"line":67,"column":0},"end":{"line":67,"column":58}},"67":{"start":{"line":68,"column":0},"end":{"line":68,"column":43}},"68":{"start":{"line":69,"column":0},"end":{"line":69,"column":41}},"69":{"start":{"line":70,"column":0},"end":{"line":70,"column":11}},"70":{"start":{"line":71,"column":0},"end":{"line":71,"column":12}},"71":{"start":{"line":72,"column":0},"end":{"line":72,"column":12}},"72":{"start":{"line":73,"column":0},"end":{"line":73,"column":34}},"73":{"start":{"line":74,"column":0},"end":{"line":74,"column":8}},"74":{"start":{"line":75,"column":0},"end":{"line":75,"column":77}},"76":{"start":{"line":77,"column":0},"end":{"line":77,"column":64}},"78":{"start":{"line":79,"column":0},"end":{"line":79,"column":10}},"79":{"start":{"line":80,"column":0},"end":{"line":80,"column":97}},"80":{"start":{"line":81,"column":0},"end":{"line":81,"column":88}},"81":{"start":{"line":82,"column":0},"end":{"line":82,"column":85}},"82":{"start":{"line":83,"column":0},"end":{"line":83,"column":21}},"83":{"start":{"line":84,"column":0},"end":{"line":84,"column":55}},"84":{"start":{"line":85,"column":0},"end":{"line":85,"column":4}},"85":{"start":{"line":86,"column":0},"end":{"line":86,"column":1}},"87":{"start":{"line":88,"column":0},"end":{"line":88,"column":40}},"88":{"start":{"line":89,"column":0},"end":{"line":89,"column":32}},"89":{"start":{"line":90,"column":0},"end":{"line":90,"column":48}},"90":{"start":{"line":91,"column":0},"end":{"line":91,"column":1}}},"s":{"39":1,"40":32,"41":19,"42":19,"44":1,"45":6,"46":4,"47":4,"48":6,"49":6,"51":6,"52":6,"53":3,"54":3,"55":6,"57":6,"58":6,"59":5,"60":5,"61":5,"62":5,"63":5,"64":5,"66":6,"67":6,"68":6,"69":4,"70":4,"71":4,"72":4,"73":6,"74":6,"76":6,"78":6,"79":6,"80":6,"81":6,"82":6,"83":6,"84":6,"85":6,"87":5,"88":5,"89":4,"90":4},"branchMap":{"0":{"type":"branch","line":40,"loc":{"start":{"line":40,"column":7},"end":{"line":43,"column":1}},"locations":[{"start":{"line":40,"column":7},"end":{"line":43,"column":1}}]},"1":{"type":"branch","line":41,"loc":{"start":{"line":41,"column":18},"end":{"line":41,"column":27}},"locations":[{"start":{"line":41,"column":18},"end":{"line":41,"column":27}}]},"2":{"type":"branch","line":41,"loc":{"start":{"line":41,"column":25},"end":{"line":43,"column":1}},"locations":[{"start":{"line":41,"column":25},"end":{"line":43,"column":1}}]},"3":{"type":"branch","line":45,"loc":{"start":{"line":45,"column":7},"end":{"line":86,"column":1}},"locations":[{"start":{"line":45,"column":7},"end":{"line":86,"column":1}}]},"4":{"type":"branch","line":59,"loc":{"start":{"line":59,"column":34},"end":{"line":65,"column":3}},"locations":[{"start":{"line":59,"column":34},"end":{"line":65,"column":3}}]},"5":{"type":"branch","line":61,"loc":{"start":{"line":61,"column":38},"end":{"line":61,"column":66}},"locations":[{"start":{"line":61,"column":38},"end":{"line":61,"column":66}}]},"6":{"type":"branch","line":46,"loc":{"start":{"line":46,"column":62},"end":{"line":49,"column":4}},"locations":[{"start":{"line":46,"column":62},"end":{"line":49,"column":4}}]},"7":{"type":"branch","line":50,"loc":{"start":{"line":50,"column":48},"end":{"line":50,"column":84}},"locations":[{"start":{"line":50,"column":48},"end":{"line":50,"column":84}}]},"8":{"type":"branch","line":52,"loc":{"start":{"line":52,"column":41},"end":{"line":52,"column":77}},"locations":[{"start":{"line":52,"column":41},"end":{"line":52,"column":77}}]},"9":{"type":"branch","line":53,"loc":{"start":{"line":53,"column":55},"end":{"line":56,"column":4}},"locations":[{"start":{"line":53,"column":55},"end":{"line":56,"column":4}}]},"10":{"type":"branch","line":68,"loc":{"start":{"line":68,"column":10},"end":{"line":68,"column":42}},"locations":[{"start":{"line":68,"column":10},"end":{"line":68,"column":42}}]},"11":{"type":"branch","line":69,"loc":{"start":{"line":69,"column":9},"end":{"line":74,"column":6}},"locations":[{"start":{"line":69,"column":9},"end":{"line":74,"column":6}}]},"12":{"type":"branch","line":75,"loc":{"start":{"line":75,"column":39},"end":{"line":75,"column":74}},"locations":[{"start":{"line":75,"column":39},"end":{"line":75,"column":74}}]},"13":{"type":"branch","line":88,"loc":{"start":{"line":88,"column":0},"end":{"line":91,"column":1}},"locations":[{"start":{"line":88,"column":0},"end":{"line":91,"column":1}}]},"14":{"type":"branch","line":89,"loc":{"start":{"line":89,"column":19},"end":{"line":89,"column":32}},"locations":[{"start":{"line":89,"column":19},"end":{"line":89,"column":32}}]},"15":{"type":"branch","line":89,"loc":{"start":{"line":89,"column":26},"end":{"line":91,"column":1}},"locations":[{"start":{"line":89,"column":26},"end":{"line":91,"column":1}}]}},"b":{"0":[32],"1":[13],"2":[19],"3":[6],"4":[5],"5":[4],"6":[4],"7":[4],"8":[3],"9":[3],"10":[4],"11":[4],"12":[5],"13":[5],"14":[1],"15":[4]},"fnMap":{"0":{"name":"charsToTokens","decl":{"start":{"line":40,"column":7},"end":{"line":43,"column":1}},"loc":{"start":{"line":40,"column":7},"end":{"line":43,"column":1}},"line":40},"1":{"name":"computeBreakdown","decl":{"start":{"line":45,"column":7},"end":{"line":86,"column":1}},"loc":{"start":{"line":45,"column":7},"end":{"line":86,"column":1}},"line":45},"2":{"name":"capitalize","decl":{"start":{"line":88,"column":0},"end":{"line":91,"column":1}},"loc":{"start":{"line":88,"column":0},"end":{"line":91,"column":1}},"line":88}},"f":{"0":32,"1":6,"2":5}}
,"/home/bhd/Documents/Projects/bhd/pi-ctx-budget/extensions/footer.ts": {"path":"/home/bhd/Documents/Projects/bhd/pi-ctx-budget/extensions/footer.ts","all":false,"statementMap":{"11":{"start":{"line":12,"column":0},"end":{"line":12,"column":52}},"12":{"start":{"line":13,"column":0},"end":{"line":13,"column":11}},"13":{"start":{"line":14,"column":0},"end":{"line":14,"column":11}},"14":{"start":{"line":15,"column":0},"end":{"line":15,"column":11}},"15":{"start":{"line":16,"column":0},"end":{"line":16,"column":15}},"16":{"start":{"line":17,"column":0},"end":{"line":17,"column":10}},"17":{"start":{"line":18,"column":0},"end":{"line":18,"column":8}},"18":{"start":{"line":19,"column":0},"end":{"line":19,"column":12}},"19":{"start":{"line":20,"column":0},"end":{"line":20,"column":17}},"20":{"start":{"line":21,"column":0},"end":{"line":21,"column":8}},"21":{"start":{"line":22,"column":0},"end":{"line":22,"column":2}},"23":{"start":{"line":24,"column":0},"end":{"line":24,"column":64}},"24":{"start":{"line":25,"column":0},"end":{"line":25,"column":19}},"25":{"start":{"line":26,"column":0},"end":{"line":26,"column":19}},"26":{"start":{"line":27,"column":0},"end":{"line":27,"column":19}},"27":{"start":{"line":28,"column":0},"end":{"line":28,"column":22}},"28":{"start":{"line":29,"column":0},"end":{"line":29,"column":17}},"29":{"start":{"line":30,"column":0},"end":{"line":30,"column":13}},"30":{"start":{"line":31,"column":0},"end":{"line":31,"column":18}},"31":{"start":{"line":32,"column":0},"end":{"line":32,"column":23}},"32":{"start":{"line":33,"column":0},"end":{"line":33,"column":14}},"33":{"start":{"line":34,"column":0},"end":{"line":34,"column":2}},"46":{"start":{"line":47,"column":0},"end":{"line":47,"column":76}},"47":{"start":{"line":48,"column":0},"end":{"line":48,"column":32}},"49":{"start":{"line":50,"column":0},"end":{"line":50,"column":41}},"50":{"start":{"line":51,"column":0},"end":{"line":51,"column":29}},"52":{"start":{"line":53,"column":0},"end":{"line":53,"column":45}},"53":{"start":{"line":54,"column":0},"end":{"line":54,"column":46}},"54":{"start":{"line":55,"column":0},"end":{"line":55,"column":53}},"55":{"start":{"line":56,"column":0},"end":{"line":56,"column":33}},"57":{"start":{"line":58,"column":0},"end":{"line":58,"column":44}},"58":{"start":{"line":59,"column":0},"end":{"line":59,"column":32}},"59":{"start":{"line":60,"column":0},"end":{"line":60,"column":53}},"60":{"start":{"line":61,"column":0},"end":{"line":61,"column":47}},"61":{"start":{"line":62,"column":0},"end":{"line":62,"column":75}},"62":{"start":{"line":63,"column":0},"end":{"line":63,"column":80}},"63":{"start":{"line":64,"column":0},"end":{"line":64,"column":66}},"64":{"start":{"line":65,"column":0},"end":{"line":65,"column":3}},"66":{"start":{"line":67,"column":0},"end":{"line":67,"column":36}},"68":{"start":{"line":69,"column":0},"end":{"line":69,"column":34}},"69":{"start":{"line":70,"column":0},"end":{"line":70,"column":46}},"70":{"start":{"line":71,"column":0},"end":{"line":71,"column":88}},"71":{"start":{"line":72,"column":0},"end":{"line":72,"column":75}},"72":{"start":{"line":73,"column":0},"end":{"line":73,"column":43}},"73":{"start":{"line":74,"column":0},"end":{"line":74,"column":1}},"81":{"start":{"line":82,"column":0},"end":{"line":82,"column":61}},"82":{"start":{"line":83,"column":0},"end":{"line":83,"column":41}},"83":{"start":{"line":84,"column":0},"end":{"line":84,"column":40}},"84":{"start":{"line":85,"column":0},"end":{"line":85,"column":60}},"85":{"start":{"line":86,"column":0},"end":{"line":86,"column":62}},"86":{"start":{"line":87,"column":0},"end":{"line":87,"column":54}},"87":{"start":{"line":88,"column":0},"end":{"line":88,"column":65}},"88":{"start":{"line":89,"column":0},"end":{"line":89,"column":3}},"89":{"start":{"line":90,"column":0},"end":{"line":90,"column":31}},"90":{"start":{"line":91,"column":0},"end":{"line":91,"column":1}}},"s":{"11":1,"12":1,"13":1,"14":1,"15":1,"16":1,"17":1,"18":1,"19":1,"20":1,"21":1,"23":1,"24":1,"25":1,"26":1,"27":1,"28":1,"29":1,"30":1,"31":1,"32":1,"33":1,"46":1,"47":5,"49":5,"50":5,"52":5,"53":36,"54":31,"55":36,"57":31,"58":31,"59":31,"60":31,"61":31,"62":36,"63":36,"64":36,"66":5,"68":4,"69":4,"70":4,"71":5,"72":5,"73":5,"81":1,"82":6,"83":6,"84":6,"85":6,"86":6,"87":2,"88":2,"89":1,"90":1},"branchMap":{"0":{"type":"branch","line":47,"loc":{"start":{"line":47,"column":7},"end":{"line":74,"column":1}},"locations":[{"start":{"line":47,"column":7},"end":{"line":74,"column":1}}]},"1":{"type":"branch","line":48,"loc":{"start":{"line":48,"column":22},"end":{"line":48,"column":32}},"locations":[{"start":{"line":48,"column":22},"end":{"line":48,"column":32}}]},"2":{"type":"branch","line":48,"loc":{"start":{"line":48,"column":29},"end":{"line":50,"column":39}},"locations":[{"start":{"line":48,"column":29},"end":{"line":50,"column":39}}]},"3":{"type":"branch","line":50,"loc":{"start":{"line":50,"column":22},"end":{"line":50,"column":41}},"locations":[{"start":{"line":50,"column":22},"end":{"line":50,"column":41}}]},"4":{"type":"branch","line":53,"loc":{"start":{"line":53,"column":44},"end":{"line":65,"column":3}},"locations":[{"start":{"line":53,"column":44},"end":{"line":65,"column":3}}]},"5":{"type":"branch","line":54,"loc":{"start":{"line":54,"column":37},"end":{"line":54,"column":46}},"locations":[{"start":{"line":54,"column":37},"end":{"line":54,"column":46}}]},"6":{"type":"branch","line":54,"loc":{"start":{"line":54,"column":37},"end":{"line":55,"column":53}},"locations":[{"start":{"line":54,"column":37},"end":{"line":55,"column":53}}]},"7":{"type":"branch","line":56,"loc":{"start":{"line":56,"column":24},"end":{"line":56,"column":33}},"locations":[{"start":{"line":56,"column":24},"end":{"line":56,"column":33}}]},"8":{"type":"branch","line":56,"loc":{"start":{"line":56,"column":24},"end":{"line":63,"column":68}},"locations":[{"start":{"line":56,"column":24},"end":{"line":63,"column":68}}]},"9":{"type":"branch","line":63,"loc":{"start":{"line":63,"column":62},"end":{"line":63,"column":80}},"locations":[{"start":{"line":63,"column":62},"end":{"line":63,"column":80}}]},"10":{"type":"branch","line":65,"loc":{"start":{"line":65,"column":2},"end":{"line":67,"column":33}},"locations":[{"start":{"line":65,"column":2},"end":{"line":67,"column":33}}]},"11":{"type":"branch","line":67,"loc":{"start":{"line":67,"column":26},"end":{"line":67,"column":36}},"locations":[{"start":{"line":67,"column":26},"end":{"line":67,"column":36}}]},"12":{"type":"branch","line":67,"loc":{"start":{"line":67,"column":33},"end":{"line":72,"column":72}},"locations":[{"start":{"line":67,"column":33},"end":{"line":72,"column":72}}]},"13":{"type":"branch","line":72,"loc":{"start":{"line":72,"column":67},"end":{"line":72,"column":75}},"locations":[{"start":{"line":72,"column":67},"end":{"line":72,"column":75}}]},"14":{"type":"branch","line":82,"loc":{"start":{"line":82,"column":7},"end":{"line":91,"column":1}},"locations":[{"start":{"line":82,"column":7},"end":{"line":91,"column":1}}]},"15":{"type":"branch","line":84,"loc":{"start":{"line":84,"column":12},"end":{"line":84,"column":40}},"locations":[{"start":{"line":84,"column":12},"end":{"line":84,"column":40}}]},"16":{"type":"branch","line":84,"loc":{"start":{"line":84,"column":38},"end":{"line":85,"column":27}},"locations":[{"start":{"line":84,"column":38},"end":{"line":85,"column":27}}]},"17":{"type":"branch","line":85,"loc":{"start":{"line":85,"column":20},"end":{"line":85,"column":60}},"locations":[{"start":{"line":85,"column":20},"end":{"line":85,"column":60}}]},"18":{"type":"branch","line":85,"loc":{"start":{"line":85,"column":58},"end":{"line":86,"column":28}},"locations":[{"start":{"line":85,"column":58},"end":{"line":86,"column":28}}]},"19":{"type":"branch","line":86,"loc":{"start":{"line":86,"column":21},"end":{"line":86,"column":62}},"locations":[{"start":{"line":86,"column":21},"end":{"line":86,"column":62}}]},"20":{"type":"branch","line":86,"loc":{"start":{"line":86,"column":60},"end":{"line":87,"column":53}},"locations":[{"start":{"line":86,"column":60},"end":{"line":87,"column":53}}]},"21":{"type":"branch","line":87,"loc":{"start":{"line":87,"column":53},"end":{"line":89,"column":3}},"locations":[{"start":{"line":87,"column":53},"end":{"line":89,"column":3}}]},"22":{"type":"branch","line":89,"loc":{"start":{"line":89,"column":2},"end":{"line":91,"column":1}},"locations":[{"start":{"line":89,"column":2},"end":{"line":91,"column":1}}]}},"b":{"0":[5],"1":[1],"2":[4],"3":[0],"4":[36],"5":[5],"6":[31],"7":[0],"8":[31],"9":[0],"10":[4],"11":[0],"12":[4],"13":[0],"14":[6],"15":[1],"16":[5],"17":[1],"18":[4],"19":[1],"20":[3],"21":[2],"22":[1]},"fnMap":{"0":{"name":"formatFooter","decl":{"start":{"line":47,"column":7},"end":{"line":74,"column":1}},"loc":{"start":{"line":47,"column":7},"end":{"line":74,"column":1}},"line":47},"1":{"name":"parseFooterArgs","decl":{"start":{"line":82,"column":7},"end":{"line":91,"column":1}},"loc":{"start":{"line":82,"column":7},"end":{"line":91,"column":1}},"line":82}},"f":{"0":5,"1":6}}
,"/home/bhd/Documents/Projects/bhd/pi-ctx-budget/extensions/renderer.ts": {"path":"/home/bhd/Documents/Projects/bhd/pi-ctx-budget/extensions/renderer.ts","all":false,"statementMap":{"10":{"start":{"line":11,"column":0},"end":{"line":11,"column":56}},"11":{"start":{"line":12,"column":0},"end":{"line":12,"column":48}},"12":{"start":{"line":13,"column":0},"end":{"line":13,"column":105}},"13":{"start":{"line":14,"column":0},"end":{"line":14,"column":58}},"15":{"start":{"line":16,"column":0},"end":{"line":16,"column":29}},"16":{"start":{"line":17,"column":0},"end":{"line":17,"column":34}},"17":{"start":{"line":18,"column":0},"end":{"line":18,"column":113}},"18":{"start":{"line":19,"column":0},"end":{"line":19,"column":101}},"19":{"start":{"line":20,"column":0},"end":{"line":20,"column":99}},"20":{"start":{"line":21,"column":0},"end":{"line":21,"column":113}},"21":{"start":{"line":22,"column":0},"end":{"line":22,"column":95}},"22":{"start":{"line":23,"column":0},"end":{"line":23,"column":56}},"23":{"start":{"line":24,"column":0},"end":{"line":24,"column":52}},"25":{"start":{"line":26,"column":0},"end":{"line":26,"column":26}},"26":{"start":{"line":27,"column":0},"end":{"line":27,"column":1}}},"s":{"10":1,"11":5,"12":5,"13":5,"15":5,"16":5,"17":5,"18":5,"19":5,"20":5,"21":5,"22":5,"23":5,"25":5,"26":5},"branchMap":{"0":{"type":"branch","line":11,"loc":{"start":{"line":11,"column":7},"end":{"line":27,"column":1}},"locations":[{"start":{"line":11,"column":7},"end":{"line":27,"column":1}}]},"1":{"type":"branch","line":12,"loc":{"start":{"line":12,"column":29},"end":{"line":12,"column":48}},"locations":[{"start":{"line":12,"column":29},"end":{"line":12,"column":48}}]},"2":{"type":"branch","line":24,"loc":{"start":{"line":24,"column":30},"end":{"line":24,"column":48}},"locations":[{"start":{"line":24,"column":30},"end":{"line":24,"column":48}}]},"3":{"type":"branch","line":13,"loc":{"start":{"line":13,"column":17},"end":{"line":13,"column":105}},"locations":[{"start":{"line":13,"column":17},"end":{"line":13,"column":105}}]},"4":{"type":"branch","line":13,"loc":{"start":{"line":13,"column":54},"end":{"line":13,"column":91}},"locations":[{"start":{"line":13,"column":54},"end":{"line":13,"column":91}}]},"5":{"type":"branch","line":13,"loc":{"start":{"line":13,"column":85},"end":{"line":13,"column":94}},"locations":[{"start":{"line":13,"column":85},"end":{"line":13,"column":94}}]},"6":{"type":"branch","line":14,"loc":{"start":{"line":14,"column":14},"end":{"line":14,"column":58}},"locations":[{"start":{"line":14,"column":14},"end":{"line":14,"column":58}}]}},"b":{"0":[5],"1":[1],"2":[2],"3":[25],"4":[15],"5":[10],"6":[30]},"fnMap":{"0":{"name":"formatBudget","decl":{"start":{"line":11,"column":7},"end":{"line":27,"column":1}},"loc":{"start":{"line":11,"column":7},"end":{"line":27,"column":1}},"line":11},"1":{"name":"getPct","decl":{"start":{"line":13,"column":17},"end":{"line":13,"column":105}},"loc":{"start":{"line":13,"column":17},"end":{"line":13,"column":105}},"line":13},"2":{"name":"fmt","decl":{"start":{"line":14,"column":14},"end":{"line":14,"column":58}},"loc":{"start":{"line":14,"column":14},"end":{"line":14,"column":58}},"line":14}},"f":{"0":5,"1":25,"2":30}}
}
