{"/home/bhd/Documents/Projects/bhd/pi-ctx-budget/extensions/config.ts": {"path":"/home/bhd/Documents/Projects/bhd/pi-ctx-budget/extensions/config.ts","statementMap":{"0":{"start":{"line":13,"column":47},"end":{"line":15,"column":null}},"1":{"start":{"line":23,"column":2},"end":{"line":23,"column":null}},"2":{"start":{"line":23,"column":17},"end":{"line":23,"column":null}},"3":{"start":{"line":24,"column":17},"end":{"line":24,"column":null}},"4":{"start":{"line":25,"column":2},"end":{"line":29,"column":null}},"5":{"start":{"line":26,"column":4},"end":{"line":28,"column":null}},"6":{"start":{"line":27,"column":6},"end":{"line":27,"column":null}},"7":{"start":{"line":30,"column":2},"end":{"line":30,"column":null}},"8":{"start":{"line":34,"column":2},"end":{"line":34,"column":null}},"9":{"start":{"line":34,"column":25},"end":{"line":34,"column":null}},"10":{"start":{"line":35,"column":2},"end":{"line":39,"column":null}},"11":{"start":{"line":36,"column":4},"end":{"line":36,"column":null}},"12":{"start":{"line":38,"column":4},"end":{"line":38,"column":null}},"13":{"start":{"line":43,"column":14},"end":{"line":43,"column":null}},"14":{"start":{"line":44,"column":2},"end":{"line":44,"column":null}},"15":{"start":{"line":44,"column":37},"end":{"line":44,"column":null}},"16":{"start":{"line":45,"column":2},"end":{"line":45,"column":null}},"17":{"start":{"line":45,"column":38},"end":{"line":45,"column":null}},"18":{"start":{"line":46,"column":2},"end":{"line":46,"column":null}},"19":{"start":{"line":52,"column":15},"end":{"line":52,"column":null}},"20":{"start":{"line":53,"column":20},"end":{"line":53,"column":null}},"21":{"start":{"line":54,"column":2},"end":{"line":54,"column":null}},"22":{"start":{"line":54,"column":26},"end":{"line":54,"column":null}},"23":{"start":{"line":55,"column":2},"end":{"line":55,"column":null}},"24":{"start":{"line":61,"column":2},"end":{"line":61,"column":null}},"25":{"start":{"line":64,"column":34},"end":{"line":64,"column":null}},"26":{"start":{"line":67,"column":2},"end":{"line":67,"column":null}},"27":{"start":{"line":71,"column":2},"end":{"line":71,"column":null}},"28":{"start":{"line":75,"column":14},"end":{"line":75,"column":null}},"29":{"start":{"line":76,"column":2},"end":{"line":76,"column":null}},"30":{"start":{"line":77,"column":2},"end":{"line":77,"column":null}},"31":{"start":{"line":84,"column":15},"end":{"line":84,"column":null}},"32":{"start":{"line":85,"column":2},"end":{"line":85,"column":null}},"33":{"start":{"line":86,"column":2},"end":{"line":86,"column":null}},"34":{"start":{"line":90,"column":2},"end":{"line":90,"column":null}}},"fnMap":{"0":{"name":"deepMerge","decl":{"start":{"line":19,"column":9},"end":{"line":19,"column":null}},"loc":{"start":{"line":22,"column":5},"end":{"line":31,"column":null}},"line":22},"1":{"name":"loadJsonLike","decl":{"start":{"line":33,"column":9},"end":{"line":33,"column":22}},"loc":{"start":{"line":33,"column":69},"end":{"line":40,"column":null}},"line":33},"2":{"name":"parseBoolEnv","decl":{"start":{"line":42,"column":9},"end":{"line":42,"column":22}},"loc":{"start":{"line":42,"column":52},"end":{"line":47,"column":null}},"line":42},"3":{"name":"applyEnvironmentOverrides","decl":{"start":{"line":51,"column":9},"end":{"line":51,"column":35}},"loc":{"start":{"line":51,"column":77},"end":{"line":56,"column":null}},"line":51},"4":{"name":"getGlobalConfigPath","decl":{"start":{"line":60,"column":9},"end":{"line":60,"column":39}},"loc":{"start":{"line":60,"column":39},"end":{"line":62,"column":null}},"line":60},"5":{"name":"getProjectConfigPath","decl":{"start":{"line":66,"column":16},"end":{"line":66,"column":37}},"loc":{"start":{"line":66,"column":58},"end":{"line":68,"column":null}},"line":66},"6":{"name":"readGlobalConfig","decl":{"start":{"line":70,"column":16},"end":{"line":70,"column":68}},"loc":{"start":{"line":70,"column":68},"end":{"line":72,"column":null}},"line":70},"7":{"name":"writeGlobalConfig","decl":{"start":{"line":74,"column":16},"end":{"line":74,"column":34}},"loc":{"start":{"line":74,"column":74},"end":{"line":78,"column":null}},"line":74},"8":{"name":"mergeConfigLayers","decl":{"start":{"line":80,"column":16},"end":{"line":80,"column":null}},"loc":{"start":{"line":83,"column":19},"end":{"line":87,"column":null}},"line":83},"9":{"name":"loadConfig","decl":{"start":{"line":89,"column":16},"end":{"line":89,"column":27}},"loc":{"start":{"line":89,"column":57},"end":{"line":91,"column":null}},"line":89}},"branchMap":{"0":{"loc":{"start":{"line":23,"column":2},"end":{"line":23,"column":null}},"type":"if","locations":[{"start":{"line":23,"column":2},"end":{"line":23,"column":null}},{"start":{},"end":{}}],"line":23},"1":{"loc":{"start":{"line":26,"column":4},"end":{"line":28,"column":null}},"type":"if","locations":[{"start":{"line":26,"column":4},"end":{"line":28,"column":null}},{"start":{},"end":{}}],"line":26},"2":{"loc":{"start":{"line":34,"column":2},"end":{"line":34,"column":null}},"type":"if","locations":[{"start":{"line":34,"column":2},"end":{"line":34,"column":null}},{"start":{},"end":{}}],"line":34},"3":{"loc":{"start":{"line":44,"column":2},"end":{"line":44,"column":null}},"type":"if","locations":[{"start":{"line":44,"column":2},"end":{"line":44,"column":null}},{"start":{},"end":{}}],"line":44},"4":{"loc":{"start":{"line":44,"column":6},"end":{"line":44,"column":37}},"type":"binary-expr","locations":[{"start":{"line":44,"column":6},"end":{"line":44,"column":21}},{"start":{"line":44,"column":21},"end":{"line":44,"column":37}}],"line":44},"5":{"loc":{"start":{"line":45,"column":2},"end":{"line":45,"column":null}},"type":"if","locations":[{"start":{"line":45,"column":2},"end":{"line":45,"column":null}},{"start":{},"end":{}}],"line":45},"6":{"loc":{"start":{"line":45,"column":6},"end":{"line":45,"column":38}},"type":"binary-expr","locations":[{"start":{"line":45,"column":6},"end":{"line":45,"column":21}},{"start":{"line":45,"column":21},"end":{"line":45,"column":38}}],"line":45},"7":{"loc":{"start":{"line":54,"column":2},"end":{"line":54,"column":null}},"type":"if","locations":[{"start":{"line":54,"column":2},"end":{"line":54,"column":null}},{"start":{},"end":{}}],"line":54}},"s":{"0":1,"1":12,"2":8,"3":4,"4":4,"5":4,"6":4,"7":4,"8":4,"9":3,"10":1,"11":1,"12":0,"13":6,"14":6,"15":1,"16":5,"17":1,"18":4,"19":6,"20":6,"21":6,"22":2,"23":6,"24":5,"25":1,"26":2,"27":3,"28":1,"29":1,"30":1,"31":6,"32":6,"33":6,"34":1},"f":{"0":12,"1":4,"2":6,"3":6,"4":5,"5":2,"6":3,"7":1,"8":6,"9":1},"b":{"0":[8,4],"1":[4,0],"2":[3,1],"3":[1,5],"4":[6,6],"5":[1,4],"6":[5,4],"7":[2,4]},"meta":{"lastBranch":8,"lastFunction":10,"lastStatement":35,"seen":{"s:13:47:15:Infinity":0,"f:19:9:19:Infinity":0,"b:23:2:23:Infinity:undefined:undefined:undefined:undefined":0,"s:23:2:23:Infinity":1,"s:23:17:23:Infinity":2,"s:24:17:24:Infinity":3,"s:25:2:29:Infinity":4,"b:26:4:28:Infinity:undefined:undefined:undefined:undefined":1,"s:26:4:28:Infinity":5,"s:27:6:27:Infinity":6,"s:30:2:30:Infinity":7,"f:33:9:33:22":1,"b:34:2:34:Infinity:undefined:undefined:undefined:undefined":2,"s:34:2:34:Infinity":8,"s:34:25:34:Infinity":9,"s:35:2:39:Infinity":10,"s:36:4:36:Infinity":11,"s:38:4:38:Infinity":12,"f:42:9:42:22":2,"s:43:14:43:Infinity":13,"b:44:2:44:Infinity:undefined:undefined:undefined:undefined":3,"s:44:2:44:Infinity":14,"b:44:6:44:21:44:21:44:37":4,"s:44:37:44:Infinity":15,"b:45:2:45:Infinity:undefined:undefined:undefined:undefined":5,"s:45:2:45:Infinity":16,"b:45:6:45:21:45:21:45:38":6,"s:45:38:45:Infinity":17,"s:46:2:46:Infinity":18,"f:51:9:51:35":3,"s:52:15:52:Infinity":19,"s:53:20:53:Infinity":20,"b:54:2:54:Infinity:undefined:undefined:undefined:undefined":7,"s:54:2:54:Infinity":21,"s:54:26:54:Infinity":22,"s:55:2:55:Infinity":23,"f:60:9:60:39":4,"s:61:2:61:Infinity":24,"s:64:34:64:Infinity":25,"f:66:16:66:37":5,"s:67:2:67:Infinity":26,"f:70:16:70:68":6,"s:71:2:71:Infinity":27,"f:74:16:74:34":7,"s:75:14:75:Infinity":28,"s:76:2:76:Infinity":29,"s:77:2:77:Infinity":30,"f:80:16:80:Infinity":8,"s:84:15:84:Infinity":31,"s:85:2:85:Infinity":32,"s:86:2:86:Infinity":33,"f:89:16:89:27":9,"s:90:2:90:Infinity":34},"fnNames":{}}}
,"/home/bhd/Documents/Projects/bhd/pi-ctx-budget/extensions/estimator.ts": {"path":"/home/bhd/Documents/Projects/bhd/pi-ctx-budget/extensions/estimator.ts","statementMap":{"0":{"start":{"line":41,"column":2},"end":{"line":41,"column":null}},"1":{"start":{"line":41,"column":18},"end":{"line":41,"column":null}},"2":{"start":{"line":42,"column":2},"end":{"line":42,"column":null}},"3":{"start":{"line":46,"column":39},"end":{"line":49,"column":null}},"4":{"start":{"line":46,"column":70},"end":{"line":49,"column":4}},"5":{"start":{"line":50,"column":22},"end":{"line":50,"column":null}},"6":{"start":{"line":50,"column":60},"end":{"line":50,"column":84}},"7":{"start":{"line":52,"column":21},"end":{"line":52,"column":null}},"8":{"start":{"line":52,"column":53},"end":{"line":52,"column":77}},"9":{"start":{"line":53,"column":38},"end":{"line":56,"column":null}},"10":{"start":{"line":53,"column":63},"end":{"line":56,"column":4}},"11":{"start":{"line":58,"column":20},"end":{"line":58,"column":null}},"12":{"start":{"line":59,"column":2},"end":{"line":65,"column":null}},"13":{"start":{"line":60,"column":16},"end":{"line":60,"column":null}},"14":{"start":{"line":61,"column":21},"end":{"line":61,"column":null}},"15":{"start":{"line":62,"column":4},"end":{"line":62,"column":null}},"16":{"start":{"line":63,"column":4},"end":{"line":63,"column":null}},"17":{"start":{"line":64,"column":4},"end":{"line":64,"column":null}},"18":{"start":{"line":67,"column":34},"end":{"line":74,"column":null}},"19":{"start":{"line":68,"column":24},"end":{"line":68,"column":42}},"20":{"start":{"line":69,"column":40},"end":{"line":74,"column":6}},"21":{"start":{"line":75,"column":20},"end":{"line":75,"column":null}},"22":{"start":{"line":75,"column":51},"end":{"line":75,"column":74}},"23":{"start":{"line":77,"column":27},"end":{"line":77,"column":null}},"24":{"start":{"line":79,"column":2},"end":{"line":85,"column":null}},"25":{"start":{"line":89,"column":2},"end":{"line":89,"column":null}},"26":{"start":{"line":89,"column":19},"end":{"line":89,"column":null}},"27":{"start":{"line":90,"column":2},"end":{"line":90,"column":null}}},"fnMap":{"0":{"name":"charsToTokens","decl":{"start":{"line":40,"column":16},"end":{"line":40,"column":30}},"loc":{"start":{"line":40,"column":53},"end":{"line":43,"column":null}},"line":40},"1":{"name":"computeBreakdown","decl":{"start":{"line":45,"column":16},"end":{"line":45,"column":33}},"loc":{"start":{"line":45,"column":64},"end":{"line":86,"column":null}},"line":45},"2":{"name":"(anonymous_2)","decl":{"start":{"line":46,"column":58},"end":{"line":46,"column":63}},"loc":{"start":{"line":46,"column":70},"end":{"line":49,"column":4}},"line":46},"3":{"name":"(anonymous_3)","decl":{"start":{"line":50,"column":41},"end":{"line":50,"column":49}},"loc":{"start":{"line":50,"column":60},"end":{"line":50,"column":84}},"line":50},"4":{"name":"(anonymous_4)","decl":{"start":{"line":52,"column":34},"end":{"line":52,"column":42}},"loc":{"start":{"line":52,"column":53},"end":{"line":52,"column":77}},"line":52},"5":{"name":"(anonymous_5)","decl":{"start":{"line":53,"column":51},"end":{"line":53,"column":56}},"loc":{"start":{"line":53,"column":63},"end":{"line":56,"column":4}},"line":53},"6":{"name":"(anonymous_6)","decl":{"start":{"line":68,"column":5},"end":{"line":68,"column":11}},"loc":{"start":{"line":68,"column":24},"end":{"line":68,"column":42}},"line":68},"7":{"name":"(anonymous_7)","decl":{"start":{"line":69,"column":5},"end":{"line":69,"column":10}},"loc":{"start":{"line":69,"column":40},"end":{"line":74,"column":6}},"line":69},"8":{"name":"(anonymous_8)","decl":{"start":{"line":75,"column":32},"end":{"line":75,"column":40}},"loc":{"start":{"line":75,"column":51},"end":{"line":75,"column":74}},"line":75},"9":{"name":"capitalize","decl":{"start":{"line":88,"column":9},"end":{"line":88,"column":20}},"loc":{"start":{"line":88,"column":39},"end":{"line":91,"column":null}},"line":88}},"branchMap":{"0":{"loc":{"start":{"line":41,"column":2},"end":{"line":41,"column":null}},"type":"if","locations":[{"start":{"line":41,"column":2},"end":{"line":41,"column":null}},{"start":{},"end":{}}],"line":41},"1":{"loc":{"start":{"line":61,"column":21},"end":{"line":61,"column":null}},"type":"binary-expr","locations":[{"start":{"line":61,"column":21},"end":{"line":61,"column":43}},{"start":{"line":61,"column":43},"end":{"line":61,"column":null}}],"line":61},"2":{"loc":{"start":{"line":89,"column":2},"end":{"line":89,"column":null}},"type":"if","locations":[{"start":{"line":89,"column":2},"end":{"line":89,"column":null}},{"start":{},"end":{}}],"line":89}},"s":{"0":32,"1":13,"2":19,"3":6,"4":4,"5":6,"6":4,"7":6,"8":3,"9":6,"10":3,"11":6,"12":6,"13":5,"14":5,"15":5,"16":5,"17":5,"18":6,"19":4,"20":4,"21":6,"22":5,"23":6,"24":6,"25":5,"26":1,"27":4},"f":{"0":32,"1":6,"2":4,"3":4,"4":3,"5":3,"6":4,"7":4,"8":5,"9":5},"b":{"0":[13,19],"1":[5,4],"2":[1,4]},"meta":{"lastBranch":3,"lastFunction":10,"lastStatement":28,"seen":{"f:40:16:40:30":0,"b:41:2:41:Infinity:undefined:undefined:undefined:undefined":0,"s:41:2:41:Infinity":0,"s:41:18:41:Infinity":1,"s:42:2:42:Infinity":2,"f:45:16:45:33":1,"s:46:39:49:Infinity":3,"f:46:58:46:63":2,"s:46:70:49:4":4,"s:50:22:50:Infinity":5,"f:50:41:50:49":3,"s:50:60:50:84":6,"s:52:21:52:Infinity":7,"f:52:34:52:42":4,"s:52:53:52:77":8,"s:53:38:56:Infinity":9,"f:53:51:53:56":5,"s:53:63:56:4":10,"s:58:20:58:Infinity":11,"s:59:2:65:Infinity":12,"s:60:16:60:Infinity":13,"s:61:21:61:Infinity":14,"b:61:21:61:43:61:43:61:Infinity":1,"s:62:4:62:Infinity":15,"s:63:4:63:Infinity":16,"s:64:4:64:Infinity":17,"s:67:34:74:Infinity":18,"f:68:5:68:11":6,"s:68:24:68:42":19,"f:69:5:69:10":7,"s:69:40:74:6":20,"s:75:20:75:Infinity":21,"f:75:32:75:40":8,"s:75:51:75:74":22,"s:77:27:77:Infinity":23,"s:79:2:85:Infinity":24,"f:88:9:88:20":9,"b:89:2:89:Infinity:undefined:undefined:undefined:undefined":2,"s:89:2:89:Infinity":25,"s:89:19:89:Infinity":26,"s:90:2:90:Infinity":27},"fnNames":{}}}
,"/home/bhd/Documents/Projects/bhd/pi-ctx-budget/extensions/footer.ts": {"path":"/home/bhd/Documents/Projects/bhd/pi-ctx-budget/extensions/footer.ts","statementMap":{"0":{"start":{"line":12,"column":51},"end":{"line":22,"column":null}},"1":{"start":{"line":31,"column":14},"end":{"line":31,"column":null}},"2":{"start":{"line":32,"column":2},"end":{"line":32,"column":null}},"3":{"start":{"line":32,"column":12},"end":{"line":32,"column":null}},"4":{"start":{"line":33,"column":2},"end":{"line":33,"column":null}},"5":{"start":{"line":33,"column":20},"end":{"line":33,"column":null}},"6":{"start":{"line":34,"column":2},"end":{"line":34,"column":null}},"7":{"start":{"line":34,"column":21},"end":{"line":34,"column":null}},"8":{"start":{"line":35,"column":2},"end":{"line":37,"column":null}},"9":{"start":{"line":36,"column":4},"end":{"line":36,"column":null}},"10":{"start":{"line":38,"column":2},"end":{"line":38,"column":null}}},"fnMap":{"0":{"name":"parseFooterArgs","decl":{"start":{"line":30,"column":16},"end":{"line":30,"column":32}},"loc":{"start":{"line":30,"column":60},"end":{"line":39,"column":null}},"line":30}},"branchMap":{"0":{"loc":{"start":{"line":32,"column":2},"end":{"line":32,"column":null}},"type":"if","locations":[{"start":{"line":32,"column":2},"end":{"line":32,"column":null}},{"start":{},"end":{}}],"line":32},"1":{"loc":{"start":{"line":33,"column":2},"end":{"line":33,"column":null}},"type":"if","locations":[{"start":{"line":33,"column":2},"end":{"line":33,"column":null}},{"start":{},"end":{}}],"line":33},"2":{"loc":{"start":{"line":34,"column":2},"end":{"line":34,"column":null}},"type":"if","locations":[{"start":{"line":34,"column":2},"end":{"line":34,"column":null}},{"start":{},"end":{}}],"line":34},"3":{"loc":{"start":{"line":35,"column":2},"end":{"line":37,"column":null}},"type":"if","locations":[{"start":{"line":35,"column":2},"end":{"line":37,"column":null}},{"start":{},"end":{}}],"line":35}},"s":{"0":1,"1":6,"2":6,"3":1,"4":5,"5":1,"6":4,"7":1,"8":3,"9":2,"10":1},"f":{"0":6},"b":{"0":[1,5],"1":[1,4],"2":[1,3],"3":[2,1]},"meta":{"lastBranch":4,"lastFunction":1,"lastStatement":11,"seen":{"s:12:51:22:Infinity":0,"f:30:16:30:32":0,"s:31:14:31:Infinity":1,"b:32:2:32:Infinity:undefined:undefined:undefined:undefined":0,"s:32:2:32:Infinity":2,"s:32:12:32:Infinity":3,"b:33:2:33:Infinity:undefined:undefined:undefined:undefined":1,"s:33:2:33:Infinity":4,"s:33:20:33:Infinity":5,"b:34:2:34:Infinity:undefined:undefined:undefined:undefined":2,"s:34:2:34:Infinity":6,"s:34:21:34:Infinity":7,"b:35:2:37:Infinity:undefined:undefined:undefined:undefined":3,"s:35:2:37:Infinity":8,"s:36:4:36:Infinity":9,"s:38:2:38:Infinity":10},"fnNames":{}}}
,"/home/bhd/Documents/Projects/bhd/pi-ctx-budget/extensions/renderer.ts": {"path":"/home/bhd/Documents/Projects/bhd/pi-ctx-budget/extensions/renderer.ts","statementMap":{"0":{"start":{"line":12,"column":24},"end":{"line":12,"column":null}},"1":{"start":{"line":13,"column":8},"end":{"line":14,"column":null}},"2":{"start":{"line":14,"column":4},"end":{"line":14,"column":null}},"3":{"start":{"line":15,"column":8},"end":{"line":15,"column":null}},"4":{"start":{"line":15,"column":34},"end":{"line":15,"column":null}},"5":{"start":{"line":18,"column":8},"end":{"line":20,"column":null}},"6":{"start":{"line":19,"column":4},"end":{"line":19,"column":null}},"7":{"start":{"line":21,"column":8},"end":{"line":23,"column":null}},"8":{"start":{"line":22,"column":11},"end":{"line":22,"column":null}},"9":{"start":{"line":25,"column":23},"end":{"line":25,"column":null}},"10":{"start":{"line":25,"column":52},"end":{"line":25,"column":80}},"11":{"start":{"line":26,"column":28},"end":{"line":26,"column":null}},"12":{"start":{"line":26,"column":62},"end":{"line":26,"column":90}},"13":{"start":{"line":28,"column":25},"end":{"line":28,"column":null}},"14":{"start":{"line":31,"column":20},"end":{"line":31,"column":null}},"15":{"start":{"line":35,"column":26},"end":{"line":35,"column":null}},"16":{"start":{"line":36,"column":2},"end":{"line":36,"column":null}},"17":{"start":{"line":37,"column":2},"end":{"line":37,"column":null}},"18":{"start":{"line":38,"column":2},"end":{"line":38,"column":null}},"19":{"start":{"line":39,"column":2},"end":{"line":39,"column":null}},"20":{"start":{"line":40,"column":2},"end":{"line":40,"column":null}},"21":{"start":{"line":41,"column":2},"end":{"line":44,"column":null}},"22":{"start":{"line":42,"column":14},"end":{"line":42,"column":null}},"23":{"start":{"line":43,"column":4},"end":{"line":43,"column":null}},"24":{"start":{"line":45,"column":2},"end":{"line":45,"column":null}},"25":{"start":{"line":46,"column":2},"end":{"line":49,"column":null}},"26":{"start":{"line":47,"column":14},"end":{"line":47,"column":null}},"27":{"start":{"line":48,"column":4},"end":{"line":48,"column":null}},"28":{"start":{"line":50,"column":2},"end":{"line":50,"column":null}},"29":{"start":{"line":51,"column":2},"end":{"line":51,"column":null}},"30":{"start":{"line":52,"column":2},"end":{"line":55,"column":null}},"31":{"start":{"line":53,"column":14},"end":{"line":53,"column":null}},"32":{"start":{"line":54,"column":4},"end":{"line":54,"column":null}},"33":{"start":{"line":56,"column":2},"end":{"line":56,"column":null}},"34":{"start":{"line":57,"column":2},"end":{"line":57,"column":null}},"35":{"start":{"line":58,"column":2},"end":{"line":61,"column":null}},"36":{"start":{"line":59,"column":14},"end":{"line":59,"column":null}},"37":{"start":{"line":60,"column":4},"end":{"line":60,"column":null}},"38":{"start":{"line":62,"column":2},"end":{"line":62,"column":null}},"39":{"start":{"line":63,"column":2},"end":{"line":63,"column":null}},"40":{"start":{"line":64,"column":2},"end":{"line":64,"column":null}},"41":{"start":{"line":65,"column":2},"end":{"line":65,"column":null}},"42":{"start":{"line":67,"column":2},"end":{"line":67,"column":null}}},"fnMap":{"0":{"name":"formatBudget","decl":{"start":{"line":11,"column":16},"end":{"line":11,"column":29}},"loc":{"start":{"line":11,"column":55},"end":{"line":68,"column":null}},"line":11},"1":{"name":"(anonymous_1)","decl":{"start":{"line":13,"column":8},"end":{"line":13,"column":15}},"loc":{"start":{"line":14,"column":4},"end":{"line":14,"column":null}},"line":14},"2":{"name":"(anonymous_2)","decl":{"start":{"line":15,"column":8},"end":{"line":15,"column":15}},"loc":{"start":{"line":15,"column":34},"end":{"line":15,"column":null}},"line":15},"3":{"name":"(anonymous_3)","decl":{"start":{"line":18,"column":54},"end":{"line":18,"column":62}},"loc":{"start":{"line":19,"column":4},"end":{"line":19,"column":null}},"line":19},"4":{"name":"(anonymous_4)","decl":{"start":{"line":21,"column":59},"end":{"line":21,"column":null}},"loc":{"start":{"line":22,"column":11},"end":{"line":22,"column":null}},"line":22},"5":{"name":"(anonymous_5)","decl":{"start":{"line":25,"column":35},"end":{"line":25,"column":43}},"loc":{"start":{"line":25,"column":52},"end":{"line":25,"column":80}},"line":25},"6":{"name":"(anonymous_6)","decl":{"start":{"line":26,"column":45},"end":{"line":26,"column":53}},"loc":{"start":{"line":26,"column":62},"end":{"line":26,"column":90}},"line":26}},"branchMap":{"0":{"loc":{"start":{"line":12,"column":24},"end":{"line":12,"column":null}},"type":"binary-expr","locations":[{"start":{"line":12,"column":24},"end":{"line":12,"column":46}},{"start":{"line":12,"column":46},"end":{"line":12,"column":null}}],"line":12},"1":{"loc":{"start":{"line":14,"column":4},"end":{"line":14,"column":null}},"type":"cond-expr","locations":[{"start":{"line":14,"column":20},"end":{"line":14,"column":70}},{"start":{"line":14,"column":70},"end":{"line":14,"column":null}}],"line":14},"2":{"loc":{"start":{"line":18,"column":23},"end":{"line":18,"column":52}},"type":"binary-expr","locations":[{"start":{"line":18,"column":23},"end":{"line":18,"column":50}},{"start":{"line":18,"column":50},"end":{"line":18,"column":52}}],"line":18},"3":{"loc":{"start":{"line":21,"column":28},"end":{"line":21,"column":57}},"type":"binary-expr","locations":[{"start":{"line":21,"column":28},"end":{"line":21,"column":55}},{"start":{"line":21,"column":55},"end":{"line":21,"column":57}}],"line":21},"4":{"loc":{"start":{"line":31,"column":20},"end":{"line":31,"column":null}},"type":"binary-expr","locations":[{"start":{"line":31,"column":20},"end":{"line":31,"column":40}},{"start":{"line":31,"column":40},"end":{"line":31,"column":null}}],"line":31},"5":{"loc":{"start":{"line":52,"column":21},"end":{"line":52,"column":46}},"type":"binary-expr","locations":[{"start":{"line":52,"column":21},"end":{"line":52,"column":42}},{"start":{"line":52,"column":42},"end":{"line":52,"column":46}}],"line":52},"6":{"loc":{"start":{"line":65,"column":58},"end":{"line":65,"column":83}},"type":"binary-expr","locations":[{"start":{"line":65,"column":58},"end":{"line":65,"column":72}},{"start":{"line":65,"column":72},"end":{"line":65,"column":83}}],"line":65}},"s":{"0":5,"1":5,"2":40,"3":5,"4":65,"5":5,"6":8,"7":5,"8":8,"9":5,"10":4,"11":5,"12":4,"13":5,"14":5,"15":5,"16":5,"17":5,"18":5,"19":5,"20":5,"21":5,"22":4,"23":4,"24":5,"25":5,"26":4,"27":4,"28":5,"29":5,"30":5,"31":4,"32":4,"33":5,"34":5,"35":5,"36":8,"37":8,"38":5,"39":5,"40":5,"41":5,"42":5},"f":{"0":5,"1":40,"2":65,"3":8,"4":8,"5":4,"6":4},"b":{"0":[5,1],"1":[24,16],"2":[5,0],"3":[5,0],"4":[5,0],"5":[5,0],"6":[5,2]},"meta":{"lastBranch":7,"lastFunction":7,"lastStatement":43,"seen":{"f:11:16:11:29":0,"s:12:24:12:Infinity":0,"b:12:24:12:46:12:46:12:Infinity":0,"s:13:8:14:Infinity":1,"f:13:8:13:15":1,"s:14:4:14:Infinity":2,"b:14:20:14:70:14:70:14:Infinity":1,"s:15:8:15:Infinity":3,"f:15:8:15:15":2,"s:15:34:15:Infinity":4,"s:18:8:20:Infinity":5,"b:18:23:18:50:18:50:18:52":2,"f:18:54:18:62":3,"s:19:4:19:Infinity":6,"s:21:8:23:Infinity":7,"b:21:28:21:55:21:55:21:57":3,"f:21:59:21:Infinity":4,"s:22:11:22:Infinity":8,"s:25:23:25:Infinity":9,"f:25:35:25:43":5,"s:25:52:25:80":10,"s:26:28:26:Infinity":11,"f:26:45:26:53":6,"s:26:62:26:90":12,"s:28:25:28:Infinity":13,"s:31:20:31:Infinity":14,"b:31:20:31:40:31:40:31:Infinity":4,"s:35:26:35:Infinity":15,"s:36:2:36:Infinity":16,"s:37:2:37:Infinity":17,"s:38:2:38:Infinity":18,"s:39:2:39:Infinity":19,"s:40:2:40:Infinity":20,"s:41:2:44:Infinity":21,"s:42:14:42:Infinity":22,"s:43:4:43:Infinity":23,"s:45:2:45:Infinity":24,"s:46:2:49:Infinity":25,"s:47:14:47:Infinity":26,"s:48:4:48:Infinity":27,"s:50:2:50:Infinity":28,"s:51:2:51:Infinity":29,"s:52:2:55:Infinity":30,"b:52:21:52:42:52:42:52:46":5,"s:53:14:53:Infinity":31,"s:54:4:54:Infinity":32,"s:56:2:56:Infinity":33,"s:57:2:57:Infinity":34,"s:58:2:61:Infinity":35,"s:59:14:59:Infinity":36,"s:60:4:60:Infinity":37,"s:62:2:62:Infinity":38,"s:63:2:63:Infinity":39,"s:64:2:64:Infinity":40,"s:65:2:65:Infinity":41,"b:65:58:65:72:65:72:65:83":6,"s:67:2:67:Infinity":42},"fnNames":{}}}
}
